<?xml version="1.0" encoding="UTF-8"?>
<robot generator="Robot 7.0 (Python 3.12.2 on win32)" generated="2024-05-22T17:40:42.942553" rpa="false" schemaversion="5">
<suite id="s1" name="SO1 API" source="C:\API-ROBOT\Test\SO1_API.robot">
<test id="s1-t1" name="CT01: Realizar uma Requisição GET consultando lista de usuario" line="7">
<kw name="Dado que estou conectado na Api" owner="Api_Resouces">
<kw name="Create Session" owner="RequestsLibrary">
<msg time="2024-05-22T17:40:43.333688" level="INFO">Creating Session using : alias=lista_users, url=https://reqres.in/api/users?page=2, headers={},                     cookies={}, auth=None, timeout=None, proxies=None, verify=False,                     debug=0 </msg>
<msg time="2024-05-22T17:40:43.333688" level="INFO">${ALIAS} = &lt;requests.sessions.Session object at 0x000001D312FFBB90&gt;</msg>
<var>${ALIAS}</var>
<arg>alias=lista_users</arg>
<arg>url=${URL}/${FINAL_ENDPOINT}</arg>
<doc>Create Session: create a HTTP session to a server</doc>
<status status="PASS" start="2024-05-22T17:40:43.332690" elapsed="0.000998"/>
</kw>
<kw name="Session Exists" owner="RequestsLibrary">
<arg>alias=lista_users</arg>
<doc>Return True if the session has been already created</doc>
<status status="PASS" start="2024-05-22T17:40:43.334688" elapsed="0.000000"/>
</kw>
<arg>users?page=2</arg>
<status status="PASS" start="2024-05-22T17:40:43.331732" elapsed="0.002956"/>
</kw>
<kw name="Quando envio a requisição para consultar usuarios" owner="Api_Resouces">
<kw name="GET On Session" owner="RequestsLibrary">
<msg time="2024-05-22T17:40:43.633666" level="INFO">GET Request : url=https://reqres.in/api/users?pages=2 
 path_url=/api/users?pages=2 
 headers={'User-Agent': 'python-requests/2.31.0', 'Accept-Encoding': 'gzip, deflate', 'Accept': '*/*', 'Connection': 'keep-alive'} 
 body=None 
 </msg>
<msg time="2024-05-22T17:40:43.633666" level="INFO">GET Response : url=https://reqres.in/api/users?pages=2 
 status=200, reason=OK 
 headers={'Date': 'Wed, 22 May 2024 20:40:45 GMT', 'Content-Type': 'application/json; charset=utf-8', 'Transfer-Encoding': 'chunked', 'Connection': 'keep-alive', 'Report-To': '{"group":"heroku-nel","max_age":3600,"endpoints":[{"url":"https://nel.heroku.com/reports?ts=1716409998&amp;sid=c4c9725f-1ab0-44d8-820f-430df2718e11&amp;s=SthDGIv8kGsVvFydqcyeK0Ou%2FvDjeRBrkihaBKDasJ0%3D"}]}', 'Reporting-Endpoints': 'heroku-nel=https://nel.heroku.com/reports?ts=1716409998&amp;sid=c4c9725f-1ab0-44d8-820f-430df2718e11&amp;s=SthDGIv8kGsVvFydqcyeK0Ou%2FvDjeRBrkihaBKDasJ0%3D', 'Nel': '{"report_to":"heroku-nel","max_age":3600,"success_fraction":0.005,"failure_fraction":0.05,"response_headers":["Via"]}', 'X-Powered-By': 'Express', 'Access-Control-Allow-Origin': '*', 'Etag': 'W/"3e4-2RLXvr5wTg9YQ6aH95CkYoFNuO8"', 'Via': '1.1 vegur', 'Cache-Control': 'max-age=14400', 'CF-Cache-Status': 'HIT', 'Age': '447', 'Vary': 'Accept-Encoding', 'Server': 'cloudflare', 'CF-RAY': '887f9f83f9a879f3-GIG', 'Content-Encoding': 'gzip'} 
 body={"page":1,"per_page":6,"total":12,"total_pages":2,"data":[{"id":1,"email":"george.bluth@reqres.in","first_name":"George","last_name":"Bluth","avatar":"https://reqres.in/img/faces/1-image.jpg"},{"id":2,"email":"janet.weaver@reqres.in","first_name":"Janet","last_name":"Weaver","avatar":"https://reqres.in/img/faces/2-image.jpg"},{"id":3,"email":"emma.wong@reqres.in","first_name":"Emma","last_name":"Wong","avatar":"https://reqres.in/img/faces/3-image.jpg"},{"id":4,"email":"eve.holt@reqres.in","first_name":"Eve","last_name":"Holt","avatar":"https://reqres.in/img/faces/4-image.jpg"},{"id":5,"email":"charles.morris@reqres.in","first_name":"Charles","last_name":"Morris","avatar":"https://reqres.in/img/faces/5-image.jpg"},{"id":6,"email":"tracey.ramos@reqres.in","first_name":"Tracey","last_name":"Ramos","avatar":"https://reqres.in/img/faces/6-image.jpg"}],"support":{"url":"https://reqres.in/#support-heading","text":"To keep ReqRes free, contributions towards server costs are appreciated!"}} 
 </msg>
<msg time="2024-05-22T17:40:43.634666" level="INFO">C:\Users\mb_la\AppData\Local\Programs\Python\Python312\Lib\site-packages\urllib3\connectionpool.py:1103: InsecureRequestWarning: Unverified HTTPS request is being made to host 'reqres.in'. Adding certificate verification is strongly advised. See: https://urllib3.readthedocs.io/en/latest/advanced-usage.html#tls-warnings
  warnings.warn(</msg>
<msg time="2024-05-22T17:40:43.635660" level="INFO">${RESPONSE} = &lt;Response [200]&gt;</msg>
<var>${RESPONSE}</var>
<arg>alias=lista_users</arg>
<arg>url=${URL}/users?pages=2</arg>
<doc>Sends a GET request on a previously created HTTP Session.</doc>
<status status="PASS" start="2024-05-22T17:40:43.335686" elapsed="0.299974"/>
</kw>
<kw name="Set Test Variable" owner="BuiltIn">
<msg time="2024-05-22T17:40:43.636667" level="INFO">${RESPONSE} = &lt;Response [200]&gt;</msg>
<arg>${RESPONSE}</arg>
<doc>Makes a variable available everywhere within the scope of the current test.</doc>
<status status="PASS" start="2024-05-22T17:40:43.635660" elapsed="0.001007"/>
</kw>
<status status="PASS" start="2024-05-22T17:40:43.334688" elapsed="0.301979"/>
</kw>
<kw name="Então a Requisição deve ocorrer GET sucesso" owner="Api_Resouces">
<kw name="Status Should Be" owner="RequestsLibrary">
<arg>${status_code}</arg>
<doc>Fails if response status code is different than the expected.</doc>
<status status="PASS" start="2024-05-22T17:40:43.638182" elapsed="0.000000"/>
</kw>
<arg>200</arg>
<status status="PASS" start="2024-05-22T17:40:43.637661" elapsed="0.000521"/>
</kw>
<kw name="E deve ser retornado a quantidade de registro corretamente" owner="Api_Resouces">
<kw name="Get Length" owner="BuiltIn">
<msg time="2024-05-22T17:40:43.641196" level="INFO">Length is 6.</msg>
<msg time="2024-05-22T17:40:43.642194" level="INFO">${qtd_retornada} = 6</msg>
<var>${qtd_retornada}</var>
<arg>${RESPONSE.json()['data']}</arg>
<doc>Returns and logs the length of the given item as an integer.</doc>
<status status="PASS" start="2024-05-22T17:40:43.640198" elapsed="0.001996"/>
</kw>
<kw name="Should Be Equal" owner="BuiltIn">
<arg>${qtd_esperada}</arg>
<arg>${qtd_retornada}</arg>
<doc>Fails if the given objects are unequal.</doc>
<status status="PASS" start="2024-05-22T17:40:43.642194" elapsed="0.001004"/>
</kw>
<arg>${6}</arg>
<status status="PASS" start="2024-05-22T17:40:43.639198" elapsed="0.004000"/>
</kw>
<doc>Teste de Api</doc>
<tag>SO1_API</tag>
<status status="PASS" start="2024-05-22T17:40:43.330161" elapsed="0.314037"/>
</test>
<status status="PASS" start="2024-05-22T17:40:42.950084" elapsed="0.696112"/>
</suite>
<statistics>
<total>
<stat pass="1" fail="0" skip="0">All Tests</stat>
</total>
<tag>
<stat pass="1" fail="0" skip="0">SO1_API</stat>
</tag>
<suite>
<stat pass="1" fail="0" skip="0" id="s1" name="SO1 API">SO1 API</stat>
</suite>
</statistics>
<errors>
<msg time="2024-05-22T17:40:42.925425" level="WARN">Error in file 'C:\API-ROBOT\Test\SO1_API.robot' on line 5: Singular section headers like '*** Test Case ***' are deprecated. Use plural format like '*** Test Cases ***' instead.</msg>
</errors>
</robot>
